<?xml version="1.0" encoding="UTF-8"?>
<testng-results ignored="0" total="2" passed="2" failed="0" skipped="0">
  <reporter-output>
  </reporter-output>
  <suite started-at="2022-05-21T17:37:05 EDT" name="Surefire suite" finished-at="2022-05-21T17:37:17 EDT" duration-ms="11670">
    <groups>
    </groups>
    <test started-at="2022-05-21T17:37:05 EDT" name="Surefire test" finished-at="2022-05-21T17:37:17 EDT" duration-ms="11670">
      <class name="com.mil.mavenGitHub.FacebookTest">
        <test-method is-config="true" signature="setUp()[pri:0, instance:com.mil.mavenGitHub.FacebookTest@26b3fd41]" started-at="2022-05-21T17:37:05 EDT" name="setUp" finished-at="2022-05-21T17:37:12 EDT" duration-ms="6872" status="PASS">
          <reporter-output>
          </reporter-output>
        </test-method> <!-- setUp -->
        <test-method signature="facebookTitleTest()[pri:0, instance:com.mil.mavenGitHub.FacebookTest@26b3fd41]" started-at="2022-05-21T17:37:12 EDT" name="facebookTitleTest" finished-at="2022-05-21T17:37:12 EDT" duration-ms="16" status="PASS">
          <reporter-output>
          </reporter-output>
        </test-method> <!-- facebookTitleTest -->
        <test-method is-config="true" signature="tearDown()[pri:0, instance:com.mil.mavenGitHub.FacebookTest@26b3fd41]" started-at="2022-05-21T17:37:12 EDT" name="tearDown" finished-at="2022-05-21T17:37:13 EDT" duration-ms="805" status="PASS">
          <reporter-output>
          </reporter-output>
        </test-method> <!-- tearDown -->
        <test-method is-config="true" signature="setUp()[pri:0, instance:com.mil.mavenGitHub.FacebookTest@26b3fd41]" started-at="2022-05-21T17:37:13 EDT" name="setUp" finished-at="2022-05-21T17:37:16 EDT" duration-ms="3133" status="PASS">
          <reporter-output>
          </reporter-output>
        </test-method> <!-- setUp -->
        <test-method signature="facebookUrlTest()[pri:0, instance:com.mil.mavenGitHub.FacebookTest@26b3fd41]" started-at="2022-05-21T17:37:16 EDT" name="facebookUrlTest" finished-at="2022-05-21T17:37:16 EDT" duration-ms="8" status="PASS">
          <reporter-output>
          </reporter-output>
        </test-method> <!-- facebookUrlTest -->
        <test-method is-config="true" signature="tearDown()[pri:0, instance:com.mil.mavenGitHub.FacebookTest@26b3fd41]" started-at="2022-05-21T17:37:16 EDT" name="tearDown" finished-at="2022-05-21T17:37:17 EDT" duration-ms="784" status="PASS">
          <reporter-output>
          </reporter-output>
        </test-method> <!-- tearDown -->
      </class> <!-- com.mil.mavenGitHub.FacebookTest -->
    </test> <!-- Surefire test -->
  </suite> <!-- Surefire suite -->
</testng-results>
