<?xml version="1.0" encoding="UTF-8"?>
<testng-results ignored="0" total="2" passed="2" failed="0" skipped="0">
  <reporter-output>
  </reporter-output>
  <suite started-at="2022-05-16T17:32:42 EDT" name="Default suite" finished-at="2022-05-16T17:32:50 EDT" duration-ms="8686">
    <groups>
    </groups>
    <test started-at="2022-05-16T17:32:42 EDT" name="Default test" finished-at="2022-05-16T17:32:50 EDT" duration-ms="8686">
      <class name="com.mil.mavenGitHub.FacebookTest">
        <test-method is-config="true" signature="setUp()[pri:0, instance:com.mil.mavenGitHub.FacebookTest@20deea7f]" started-at="2022-05-16T17:32:42 EDT" name="setUp" finished-at="2022-05-16T17:32:47 EDT" duration-ms="5103" status="PASS">
          <reporter-output>
          </reporter-output>
        </test-method> <!-- setUp -->
        <test-method signature="facebookTitleTest()[pri:0, instance:com.mil.mavenGitHub.FacebookTest@20deea7f]" started-at="2022-05-16T17:32:47 EDT" name="facebookTitleTest" finished-at="2022-05-16T17:32:47 EDT" duration-ms="27" status="PASS">
          <reporter-output>
          </reporter-output>
        </test-method> <!-- facebookTitleTest -->
        <test-method is-config="true" signature="tearDown()[pri:0, instance:com.mil.mavenGitHub.FacebookTest@20deea7f]" started-at="2022-05-16T17:32:47 EDT" name="tearDown" finished-at="2022-05-16T17:32:47 EDT" duration-ms="279" status="PASS">
          <reporter-output>
          </reporter-output>
        </test-method> <!-- tearDown -->
        <test-method is-config="true" signature="setUp()[pri:0, instance:com.mil.mavenGitHub.FacebookTest@20deea7f]" started-at="2022-05-16T17:32:47 EDT" name="setUp" finished-at="2022-05-16T17:32:50 EDT" duration-ms="2899" status="PASS">
          <reporter-output>
          </reporter-output>
        </test-method> <!-- setUp -->
        <test-method signature="facebookUrlTest()[pri:0, instance:com.mil.mavenGitHub.FacebookTest@20deea7f]" started-at="2022-05-16T17:32:50 EDT" name="facebookUrlTest" finished-at="2022-05-16T17:32:50 EDT" duration-ms="8" status="PASS">
          <reporter-output>
          </reporter-output>
        </test-method> <!-- facebookUrlTest -->
        <test-method is-config="true" signature="tearDown()[pri:0, instance:com.mil.mavenGitHub.FacebookTest@20deea7f]" started-at="2022-05-16T17:32:50 EDT" name="tearDown" finished-at="2022-05-16T17:32:50 EDT" duration-ms="310" status="PASS">
          <reporter-output>
          </reporter-output>
        </test-method> <!-- tearDown -->
      </class> <!-- com.mil.mavenGitHub.FacebookTest -->
    </test> <!-- Default test -->
  </suite> <!-- Default suite -->
</testng-results>
